<?xml version="1.0" encoding="UTF-8"?>
<testsuite xmlns:xsi="http://www.w3.org/2001/XMLSchema-instance" xsi:noNamespaceSchemaLocation="https://maven.apache.org/surefire/maven-surefire-plugin/xsd/surefire-test-report.xsd" name="ru.yandex.AccountTest" time="4.429" tests="13" errors="0" skipped="0" failures="0">
  <properties>
[...]
</properties>
  <testcase name="printAccountFirstNameAndLastName[0: для имени: null метод checkNameToEmboss возвращает false ]" classname="ru.yandex.AccountTest" time="0.982"/>
  <testcase name="printAccountFirstNameAndLastName[1: для имени:  метод checkNameToEmboss возвращает false ]" classname="ru.yandex.AccountTest" time="0.065"/>
  <testcase name="printAccountFirstNameAndLastName[2: для имени: М А метод checkNameToEmboss возвращает true ]" classname="ru.yandex.AccountTest" time="0.061"/>
  <testcase name="printAccountFirstNameAndLastName[3: для имени: ТШ метод checkNameToEmboss возвращает false ]" classname="ru.yandex.AccountTest" time="0.065"/>
  <testcase name="printAccountFirstNameAndLastName[4: для имени:     метод checkNameToEmboss возвращает false ]" classname="ru.yandex.AccountTest" time="0.027"/>
  <testcase name="printAccountFirstNameAndLastName[5: для имени: ТимотиШаламен метод checkNameToEmboss возвращает false ]" classname="ru.yandex.AccountTest" time="0.056"/>
  <testcase name="printAccountFirstNameAndLastName[6: для имени: Тимоти  Шаламеннн метод checkNameToEmboss возвращает false ]" classname="ru.yandex.AccountTest" time="0.029"/>
  <testcase name="printAccountFirstNameAndLastName[7: для имени: Тимоти Шаламеннннн метод checkNameToEmboss возвращает true ]" classname="ru.yandex.AccountTest" time="0.035"/>
  <testcase name="printAccountFirstNameAndLastName[8: для имени: ТимотиШаламеннннн  метод checkNameToEmboss возвращает false ]" classname="ru.yandex.AccountTest" time="0.013"/>
  <testcase name="printAccountFirstNameAndLastName[9: для имени:  ТимотиШаламеннннн метод checkNameToEmboss возвращает false ]" classname="ru.yandex.AccountTest" time="0.049"/>
  <testcase name="printAccountFirstNameAndLastName[10: для имени: Тимоти Шала меннннн метод checkNameToEmboss возвращает false ]" classname="ru.yandex.AccountTest" time="0.016"/>
  <testcase name="printAccountFirstNameAndLastName[11: для имени: Тимоти Шаламенннннн метод checkNameToEmboss возвращает true ]" classname="ru.yandex.AccountTest" time="0.032"/>
  <testcase name="printAccountFirstNameAndLastName[12: для имени: Тимоти Шаламеннннннн метод checkNameToEmboss возвращает false ]" classname="ru.yandex.AccountTest" time="0.026"/>
</testsuite>